=====================================================
 🩺 SİSTEM TAKİP PANELİ — TAM TEŞEKKÜLLÜ CHECKUP
 Zaman: 2026-04-19T16:26:52.251Z
=====================================================

--- 1. TEMEL BAĞIMLILIK & ÇEVRE (ENV) KATMANI ---
✅ [SAĞLIKLI] .env: NIZAM_API_KEY aktif ve tanımlı.
❌ [KRİTİK HATA] ROOT: Kök package.json erişilebilir.

--- 2. KÖPRÜ (API/BRIDGE) KATMANI ---
✅ [SAĞLIKLI] Bridge: loadEnv kod tekrarı (duplicate) barındırmıyor.
✅ [SAĞLIKLI] Bridge: 'delta' zırhı ve MISSING_DELTA hata kodu devrede.

--- 3. İŞ ALANI (02_IS_ALANI) & VALİDASYON ---
✅ [SAĞLIKLI] Validator: Injection saldırısı başarıyla bloklandı (Sıfır Güven).
❌ [KRİTİK HATA] Validator: Zararlı işlem skorlama cezası kusursuz.

--- 4. OTONOM AI MİMARİSİ (SYSTEM) ---
✅ [SAĞLIKLI] Enforcer: Kural dayatıcı (Output Enforcer) aktif ve pürüzsüz çalışıyor.
✅ [SAĞLIKLI] Memory: Stateless bellek yönetimi stabil.

--- 5. TYPESCRIPT (TS) VE UI DERLEME DURUMU ---
🔄 TypeScript derleyici denetimi yapılıyor (tsc --noEmit)...
✅ [SAĞLIKLI] TypeScript: 02_is_alani dizinindeki kodlarda Syntax/Type hatası BULUNAMADI.

=====================================================
 📋 CHECKUP SONUÇ RAPORU:
 Toplam Kontrol : 9
 Geçen Puan     : 7
 Hatalı Puan    : 2
 ⚠️ DURUM: RİSKLİ. Acil onarım gereken alanlar mevcut.
=====================================================